Started GET "/" for ::1 at 2019-12-07 17:51:29 +0900
  [1m[35m (1.5ms)[0m  [1m[34mSELECT "schema_migrations"."version" FROM "schema_migrations" ORDER BY "schema_migrations"."version" ASC[0m
  ↳ /Users/katokeisuke/.rbenv/versions/2.6.5/lib/ruby/gems/2.6.0/gems/activerecord-5.2.3/lib/active_record/log_subscriber.rb:98
Processing by Rails::WelcomeController#index as HTML
  Rendering /Users/katokeisuke/.rbenv/versions/2.6.5/lib/ruby/gems/2.6.0/gems/railties-5.2.3/lib/rails/templates/rails/welcome/index.html.erb
  Rendered /Users/katokeisuke/.rbenv/versions/2.6.5/lib/ruby/gems/2.6.0/gems/railties-5.2.3/lib/rails/templates/rails/welcome/index.html.erb (4.4ms)
Completed 200 OK in 22ms (Views: 11.1ms | ActiveRecord: 0.0ms)


Started GET "/" for ::1 at 2019-12-07 17:51:30 +0900
Processing by Rails::WelcomeController#index as HTML
  Rendering /Users/katokeisuke/.rbenv/versions/2.6.5/lib/ruby/gems/2.6.0/gems/railties-5.2.3/lib/rails/templates/rails/welcome/index.html.erb
  Rendered /Users/katokeisuke/.rbenv/versions/2.6.5/lib/ruby/gems/2.6.0/gems/railties-5.2.3/lib/rails/templates/rails/welcome/index.html.erb (3.5ms)
Completed 200 OK in 9ms (Views: 4.8ms | ActiveRecord: 0.0ms)


Started GET "/" for ::1 at 2019-12-07 17:51:30 +0900
Processing by Rails::WelcomeController#index as HTML
  Rendering /Users/katokeisuke/.rbenv/versions/2.6.5/lib/ruby/gems/2.6.0/gems/railties-5.2.3/lib/rails/templates/rails/welcome/index.html.erb
  Rendered /Users/katokeisuke/.rbenv/versions/2.6.5/lib/ruby/gems/2.6.0/gems/railties-5.2.3/lib/rails/templates/rails/welcome/index.html.erb (4.1ms)
Completed 200 OK in 10ms (Views: 5.9ms | ActiveRecord: 0.0ms)


Started GET "/" for ::1 at 2019-12-07 17:51:30 +0900
Processing by Rails::WelcomeController#index as HTML
  Rendering /Users/katokeisuke/.rbenv/versions/2.6.5/lib/ruby/gems/2.6.0/gems/railties-5.2.3/lib/rails/templates/rails/welcome/index.html.erb
  Rendered /Users/katokeisuke/.rbenv/versions/2.6.5/lib/ruby/gems/2.6.0/gems/railties-5.2.3/lib/rails/templates/rails/welcome/index.html.erb (3.7ms)
Completed 200 OK in 8ms (Views: 5.2ms | ActiveRecord: 0.0ms)


Started GET "/contacts" for ::1 at 2019-12-07 17:51:33 +0900
Processing by ContactsController#index as HTML
  Rendering contacts/index.html.erb within layouts/application
  Rendered contacts/index.html.erb within layouts/application (0.3ms)
Completed 200 OK in 528ms (Views: 511.3ms | ActiveRecord: 0.0ms)


Started GET "/contacts/new" for ::1 at 2019-12-07 17:51:38 +0900
Processing by ContactsController#new as HTML
  Rendering contacts/new.html.erb within layouts/application
  Rendered contacts/new.html.erb within layouts/application (32.8ms)
Completed 200 OK in 83ms (Views: 61.2ms | ActiveRecord: 6.1ms)


Started POST "/contacts" for ::1 at 2019-12-07 17:51:43 +0900
Processing by ContactsController#create as HTML
  Parameters: {"utf8"=>"✓", "authenticity_token"=>"0R+KSNffZoV8x4s4qqcUIbGBDihQUufDWKANB/AUcx6l7FVgmYOafPV7zpwKsoac+Ue447tnfHi1npoCIz8UKw==", "contact"=>{"Name"=>"a", "Email"=>"aaa", "Content"=>"aaa"}, "commit"=>"Create Contact"}
  [1m[35m (0.2ms)[0m  [1m[35mBEGIN[0m
  ↳ app/controllers/contacts_controller.rb:11
  [1m[36mContact Create (2.8ms)[0m  [1m[32mINSERT INTO "contacts" ("Name", "Email", "Content") VALUES ($1, $2, $3) RETURNING "id"[0m  [["Name", "a"], ["Email", "aaa"], ["Content", "aaa"]]
  ↳ app/controllers/contacts_controller.rb:11
  [1m[35m (1.5ms)[0m  [1m[35mCOMMIT[0m
  ↳ app/controllers/contacts_controller.rb:11
Redirected to http://localhost:3000/contacts/new
Completed 302 Found in 10ms (ActiveRecord: 4.5ms)


Started GET "/contacts/new" for ::1 at 2019-12-07 17:51:43 +0900
Processing by ContactsController#new as HTML
  Rendering contacts/new.html.erb within layouts/application
  Rendered contacts/new.html.erb within layouts/application (2.9ms)
Completed 200 OK in 23ms (Views: 22.2ms | ActiveRecord: 0.0ms)


  [1m[35m (0.3ms)[0m  [1m[34mSELECT pg_try_advisory_lock(7395633852180811650)[0m
  ↳ bin/rails:9
  [1m[35m (1.1ms)[0m  [1m[34mSELECT "schema_migrations"."version" FROM "schema_migrations" ORDER BY "schema_migrations"."version" ASC[0m
  ↳ bin/rails:9
Migrating to RenameFromNametonameOnBlogs (20191209122639)
  [1m[35m (0.2ms)[0m  [1m[35mBEGIN[0m
  ↳ bin/rails:9
  [1m[36mActiveRecord::SchemaMigration Create (0.4ms)[0m  [1m[32mINSERT INTO "schema_migrations" ("version") VALUES ($1) RETURNING "version"[0m  [["version", "20191209122639"]]
  ↳ bin/rails:9
  [1m[35m (0.7ms)[0m  [1m[35mCOMMIT[0m
  ↳ bin/rails:9
  [1m[36mActiveRecord::InternalMetadata Load (5.6ms)[0m  [1m[34mSELECT  "ar_internal_metadata".* FROM "ar_internal_metadata" WHERE "ar_internal_metadata"."key" = $1 LIMIT $2[0m  [["key", "environment"], ["LIMIT", 1]]
  ↳ bin/rails:9
  [1m[35m (0.2ms)[0m  [1m[35mBEGIN[0m
  ↳ bin/rails:9
  [1m[35m (0.2ms)[0m  [1m[35mCOMMIT[0m
  ↳ bin/rails:9
  [1m[35m (0.2ms)[0m  [1m[34mSELECT pg_advisory_unlock(7395633852180811650)[0m
  ↳ bin/rails:9
  [1m[35m (0.3ms)[0m  [1m[34mSELECT "schema_migrations"."version" FROM "schema_migrations" ORDER BY "schema_migrations"."version" ASC[0m
  ↳ bin/rails:9
  [1m[35m (0.2ms)[0m  [1m[34mSELECT pg_try_advisory_lock(7395633852180811650)[0m
  ↳ bin/rails:9
  [1m[35m (0.5ms)[0m  [1m[34mSELECT "schema_migrations"."version" FROM "schema_migrations" ORDER BY "schema_migrations"."version" ASC[0m
  ↳ bin/rails:9
Migrating to RenameFromNametonameOnContact (20191209123157)
  [1m[35m (0.2ms)[0m  [1m[35mBEGIN[0m
  ↳ bin/rails:9
  [1m[36mActiveRecord::SchemaMigration Create (0.4ms)[0m  [1m[32mINSERT INTO "schema_migrations" ("version") VALUES ($1) RETURNING "version"[0m  [["version", "20191209123157"]]
  ↳ bin/rails:9
  [1m[35m (0.6ms)[0m  [1m[35mCOMMIT[0m
  ↳ bin/rails:9
  [1m[36mActiveRecord::InternalMetadata Load (0.3ms)[0m  [1m[34mSELECT  "ar_internal_metadata".* FROM "ar_internal_metadata" WHERE "ar_internal_metadata"."key" = $1 LIMIT $2[0m  [["key", "environment"], ["LIMIT", 1]]
  ↳ bin/rails:9
  [1m[35m (0.2ms)[0m  [1m[35mBEGIN[0m
  ↳ bin/rails:9
  [1m[35m (0.1ms)[0m  [1m[35mCOMMIT[0m
  ↳ bin/rails:9
  [1m[35m (0.2ms)[0m  [1m[34mSELECT pg_advisory_unlock(7395633852180811650)[0m
  ↳ bin/rails:9
  [1m[35m (0.2ms)[0m  [1m[34mSELECT "schema_migrations"."version" FROM "schema_migrations" ORDER BY "schema_migrations"."version" ASC[0m
  ↳ bin/rails:9
  [1m[35m (0.2ms)[0m  [1m[34mSELECT pg_try_advisory_lock(7395633852180811650)[0m
  ↳ bin/rails:9
  [1m[35m (0.6ms)[0m  [1m[34mSELECT "schema_migrations"."version" FROM "schema_migrations" ORDER BY "schema_migrations"."version" ASC[0m
  ↳ bin/rails:9
  [1m[36mActiveRecord::InternalMetadata Load (0.4ms)[0m  [1m[34mSELECT  "ar_internal_metadata".* FROM "ar_internal_metadata" WHERE "ar_internal_metadata"."key" = $1 LIMIT $2[0m  [["key", "environment"], ["LIMIT", 1]]
  ↳ bin/rails:9
  [1m[35m (0.2ms)[0m  [1m[35mBEGIN[0m
  ↳ bin/rails:9
  [1m[35m (0.2ms)[0m  [1m[35mCOMMIT[0m
  ↳ bin/rails:9
  [1m[35m (0.2ms)[0m  [1m[34mSELECT pg_advisory_unlock(7395633852180811650)[0m
  ↳ bin/rails:9
  [1m[35m (0.2ms)[0m  [1m[34mSELECT "schema_migrations"."version" FROM "schema_migrations" ORDER BY "schema_migrations"."version" ASC[0m
  ↳ bin/rails:9
  [1m[35m (0.2ms)[0m  [1m[34mSELECT pg_try_advisory_lock(7395633852180811650)[0m
  ↳ bin/rails:9
  [1m[35m (0.5ms)[0m  [1m[34mSELECT "schema_migrations"."version" FROM "schema_migrations" ORDER BY "schema_migrations"."version" ASC[0m
  ↳ bin/rails:9
Migrating to RenameFromNametonameOnContacts (20191209124003)
  [1m[35m (0.1ms)[0m  [1m[35mBEGIN[0m
  ↳ bin/rails:9
  [1m[35m (0.2ms)[0m  [1m[31mROLLBACK[0m
  ↳ bin/rails:9
  [1m[35m (0.4ms)[0m  [1m[34mSELECT pg_advisory_unlock(7395633852180811650)[0m
  ↳ bin/rails:9
  [1m[35m (0.2ms)[0m  [1m[34mSELECT pg_try_advisory_lock(7395633852180811650)[0m
  ↳ bin/rails:9
  [1m[35m (0.5ms)[0m  [1m[34mSELECT "schema_migrations"."version" FROM "schema_migrations" ORDER BY "schema_migrations"."version" ASC[0m
  ↳ bin/rails:9
Migrating to RenameFromNametonameOnContacts (20191209124003)
  [1m[35m (0.2ms)[0m  [1m[35mBEGIN[0m
  ↳ bin/rails:9
  [1m[35m (5.3ms)[0m  [1m[35mALTER TABLE "contacts" RENAME COLUMN "Name" TO "name"[0m
  ↳ db/migrate/20191209124003_rename_from_nametoname_on_contacts.rb:3
  [1m[36mActiveRecord::SchemaMigration Create (0.3ms)[0m  [1m[32mINSERT INTO "schema_migrations" ("version") VALUES ($1) RETURNING "version"[0m  [["version", "20191209124003"]]
  ↳ bin/rails:9
  [1m[35m (0.8ms)[0m  [1m[35mCOMMIT[0m
  ↳ bin/rails:9
  [1m[36mActiveRecord::InternalMetadata Load (0.4ms)[0m  [1m[34mSELECT  "ar_internal_metadata".* FROM "ar_internal_metadata" WHERE "ar_internal_metadata"."key" = $1 LIMIT $2[0m  [["key", "environment"], ["LIMIT", 1]]
  ↳ bin/rails:9
  [1m[35m (0.2ms)[0m  [1m[35mBEGIN[0m
  ↳ bin/rails:9
  [1m[35m (0.1ms)[0m  [1m[35mCOMMIT[0m
  ↳ bin/rails:9
  [1m[35m (0.2ms)[0m  [1m[34mSELECT pg_advisory_unlock(7395633852180811650)[0m
  ↳ bin/rails:9
  [1m[35m (0.2ms)[0m  [1m[34mSELECT "schema_migrations"."version" FROM "schema_migrations" ORDER BY "schema_migrations"."version" ASC[0m
  ↳ bin/rails:9
  [1m[35m (0.2ms)[0m  [1m[34mSELECT pg_try_advisory_lock(7395633852180811650)[0m
  ↳ bin/rails:9
  [1m[35m (0.5ms)[0m  [1m[34mSELECT "schema_migrations"."version" FROM "schema_migrations" ORDER BY "schema_migrations"."version" ASC[0m
  ↳ bin/rails:9
  [1m[36mActiveRecord::InternalMetadata Load (0.3ms)[0m  [1m[34mSELECT  "ar_internal_metadata".* FROM "ar_internal_metadata" WHERE "ar_internal_metadata"."key" = $1 LIMIT $2[0m  [["key", "environment"], ["LIMIT", 1]]
  ↳ bin/rails:9
  [1m[35m (0.2ms)[0m  [1m[35mBEGIN[0m
  ↳ bin/rails:9
  [1m[35m (0.1ms)[0m  [1m[35mCOMMIT[0m
  ↳ bin/rails:9
  [1m[35m (0.2ms)[0m  [1m[34mSELECT pg_advisory_unlock(7395633852180811650)[0m
  ↳ bin/rails:9
  [1m[35m (0.3ms)[0m  [1m[34mSELECT "schema_migrations"."version" FROM "schema_migrations" ORDER BY "schema_migrations"."version" ASC[0m
  ↳ bin/rails:9
  [1m[35m (0.2ms)[0m  [1m[34mSELECT pg_try_advisory_lock(7395633852180811650)[0m
  ↳ bin/rails:9
  [1m[35m (0.7ms)[0m  [1m[34mSELECT "schema_migrations"."version" FROM "schema_migrations" ORDER BY "schema_migrations"."version" ASC[0m
  ↳ bin/rails:9
Migrating to RenameFromEmailtoemailOnContacts (20191209124327)
  [1m[35m (0.1ms)[0m  [1m[35mBEGIN[0m
  ↳ bin/rails:9
  [1m[35m (0.4ms)[0m  [1m[35mALTER TABLE "contacts" RENAME COLUMN "Email" TO "email"[0m
  ↳ db/migrate/20191209124327_rename_from_emailtoemail_on_contacts.rb:3
  [1m[36mActiveRecord::SchemaMigration Create (0.4ms)[0m  [1m[32mINSERT INTO "schema_migrations" ("version") VALUES ($1) RETURNING "version"[0m  [["version", "20191209124327"]]
  ↳ bin/rails:9
  [1m[35m (0.5ms)[0m  [1m[35mCOMMIT[0m
  ↳ bin/rails:9
  [1m[36mActiveRecord::InternalMetadata Load (0.4ms)[0m  [1m[34mSELECT  "ar_internal_metadata".* FROM "ar_internal_metadata" WHERE "ar_internal_metadata"."key" = $1 LIMIT $2[0m  [["key", "environment"], ["LIMIT", 1]]
  ↳ bin/rails:9
  [1m[35m (0.2ms)[0m  [1m[35mBEGIN[0m
  ↳ bin/rails:9
  [1m[35m (0.2ms)[0m  [1m[35mCOMMIT[0m
  ↳ bin/rails:9
  [1m[35m (0.3ms)[0m  [1m[34mSELECT pg_advisory_unlock(7395633852180811650)[0m
  ↳ bin/rails:9
  [1m[35m (0.2ms)[0m  [1m[34mSELECT "schema_migrations"."version" FROM "schema_migrations" ORDER BY "schema_migrations"."version" ASC[0m
  ↳ bin/rails:9
  [1m[35m (0.2ms)[0m  [1m[34mSELECT pg_try_advisory_lock(7395633852180811650)[0m
  ↳ bin/rails:9
  [1m[35m (0.6ms)[0m  [1m[34mSELECT "schema_migrations"."version" FROM "schema_migrations" ORDER BY "schema_migrations"."version" ASC[0m
  ↳ bin/rails:9
Migrating to RenameFromContenttocontentOnContacts (20191209124448)
  [1m[35m (0.2ms)[0m  [1m[35mBEGIN[0m
  ↳ bin/rails:9
  [1m[35m (0.6ms)[0m  [1m[35mALTER TABLE "contacts" RENAME COLUMN "Content" TO "content"[0m
  ↳ db/migrate/20191209124448_rename_from_contenttocontent_on_contacts.rb:3
  [1m[36mActiveRecord::SchemaMigration Create (0.3ms)[0m  [1m[32mINSERT INTO "schema_migrations" ("version") VALUES ($1) RETURNING "version"[0m  [["version", "20191209124448"]]
  ↳ bin/rails:9
  [1m[35m (0.6ms)[0m  [1m[35mCOMMIT[0m
  ↳ bin/rails:9
  [1m[36mActiveRecord::InternalMetadata Load (0.3ms)[0m  [1m[34mSELECT  "ar_internal_metadata".* FROM "ar_internal_metadata" WHERE "ar_internal_metadata"."key" = $1 LIMIT $2[0m  [["key", "environment"], ["LIMIT", 1]]
  ↳ bin/rails:9
  [1m[35m (0.2ms)[0m  [1m[35mBEGIN[0m
  ↳ bin/rails:9
  [1m[35m (0.2ms)[0m  [1m[35mCOMMIT[0m
  ↳ bin/rails:9
  [1m[35m (0.3ms)[0m  [1m[34mSELECT pg_advisory_unlock(7395633852180811650)[0m
  ↳ bin/rails:9
  [1m[35m (0.2ms)[0m  [1m[34mSELECT "schema_migrations"."version" FROM "schema_migrations" ORDER BY "schema_migrations"."version" ASC[0m
  ↳ bin/rails:9
Started GET "/contacts" for ::1 at 2019-12-09 21:48:12 +0900
  [1m[35m (0.7ms)[0m  [1m[34mSELECT "schema_migrations"."version" FROM "schema_migrations" ORDER BY "schema_migrations"."version" ASC[0m
  ↳ /Users/katokeisuke/.rbenv/versions/2.6.5/lib/ruby/gems/2.6.0/gems/activerecord-5.2.3/lib/active_record/log_subscriber.rb:98
Processing by ContactsController#index as HTML
  Rendering contacts/index.html.erb within layouts/application
  Rendered contacts/index.html.erb within layouts/application (1.8ms)
Completed 200 OK in 221ms (Views: 214.7ms | ActiveRecord: 0.0ms)


Started GET "/contacts/new" for ::1 at 2019-12-09 21:48:16 +0900
Processing by ContactsController#new as HTML
  Rendering contacts/new.html.erb within layouts/application
  Rendered contacts/new.html.erb within layouts/application (17.5ms)
Completed 200 OK in 53ms (Views: 36.8ms | ActiveRecord: 5.2ms)


Started POST "/contacts" for ::1 at 2019-12-09 21:48:23 +0900
Processing by ContactsController#create as HTML
  Parameters: {"utf8"=>"✓", "authenticity_token"=>"8Ddba+SPUPS3RpvfqmOu3NvYAda4IKisP+fsFLIfP+6ExIRDqtOsDT763nsKdjxhkx63HVMVMxfS2XsRYTRY2w==", "contact"=>{"name"=>"w", "email"=>"w", "content"=>"ww"}, "commit"=>"Create Contact"}
  [1m[35m (0.2ms)[0m  [1m[35mBEGIN[0m
  ↳ app/controllers/contacts_controller.rb:11
  [1m[35m (0.2ms)[0m  [1m[31mROLLBACK[0m
  ↳ app/controllers/contacts_controller.rb:11
Completed 500 Internal Server Error in 10ms (ActiveRecord: 0.4ms)



NoMethodError - undefined method `Content' for #<Contact id: nil, name: "w", email: "w", content: "ww">
Did you mean?  content=
               content?:
  app/controllers/contacts_controller.rb:11:in `create'

Started POST "/__better_errors/6bfb45296db352e7/variables" for ::1 at 2019-12-09 21:48:23 +0900
Started GET "/contacts/new" for ::1 at 2019-12-09 21:51:03 +0900
Processing by ContactsController#new as HTML
  Rendering contacts/new.html.erb within layouts/application
  Rendered contacts/new.html.erb within layouts/application (5.1ms)
Completed 200 OK in 49ms (Views: 47.3ms | ActiveRecord: 0.0ms)


Started POST "/contacts" for ::1 at 2019-12-09 21:51:08 +0900
Processing by ContactsController#create as HTML
  Parameters: {"utf8"=>"✓", "authenticity_token"=>"1MGOm7mgmEem5FC7T3GZ1TxGnjT8k2v2ybfC6Na+0SegMlGz9/xkvi9YFR/vZAtodIAo/xem8E0kiVXtBZW2Eg==", "contact"=>{"name"=>"w", "email"=>"w", "content"=>"ww"}, "commit"=>"Create Contact"}
  [1m[35m (0.2ms)[0m  [1m[35mBEGIN[0m
  ↳ app/controllers/contacts_controller.rb:11
  [1m[35m (0.4ms)[0m  [1m[31mROLLBACK[0m
  ↳ app/controllers/contacts_controller.rb:11
Completed 500 Internal Server Error in 13ms (ActiveRecord: 0.6ms)



NoMethodError - undefined method `Content' for #<Contact id: nil, name: "w", email: "w", content: "ww">
Did you mean?  content=
               content?:
  app/controllers/contacts_controller.rb:11:in `create'

Started POST "/__better_errors/ef07516f1ca8ae26/variables" for ::1 at 2019-12-09 21:51:08 +0900
Started GET "/contacts/new" for ::1 at 2019-12-09 21:53:10 +0900
Processing by ContactsController#new as HTML
  Rendering contacts/new.html.erb within layouts/application
  Rendered contacts/new.html.erb within layouts/application (3.3ms)
Completed 200 OK in 53ms (Views: 36.1ms | ActiveRecord: 3.2ms)


Started POST "/contacts" for ::1 at 2019-12-09 21:53:17 +0900
Processing by ContactsController#create as HTML
  Parameters: {"utf8"=>"✓", "authenticity_token"=>"hpObdwSp8JEu9sJPWAAzBVU/1vg8syxS7am7laSrG43yYERfSvUMaKdKh+v4FaG4HflgM9eGt+kAlyyQd4B8uA==", "contact"=>{"name"=>"w", "email"=>"w", "content"=>"ww"}, "commit"=>"Create Contact"}
  [1m[35m (1.0ms)[0m  [1m[35mBEGIN[0m
  ↳ app/controllers/contacts_controller.rb:11
  [1m[36mContact Create (3.6ms)[0m  [1m[32mINSERT INTO "contacts" ("name", "email", "content") VALUES ($1, $2, $3) RETURNING "id"[0m  [["name", "w"], ["email", "w"], ["content", "ww"]]
  ↳ app/controllers/contacts_controller.rb:11
  [1m[35m (0.7ms)[0m  [1m[35mCOMMIT[0m
  ↳ app/controllers/contacts_controller.rb:11
Redirected to http://localhost:3000/contacts/new
Completed 302 Found in 11ms (ActiveRecord: 5.3ms)


Started GET "/contacts/new" for ::1 at 2019-12-09 21:53:17 +0900
Processing by ContactsController#new as HTML
  Rendering contacts/new.html.erb within layouts/application
  Rendered contacts/new.html.erb within layouts/application (5.7ms)
Completed 200 OK in 38ms (Views: 36.4ms | ActiveRecord: 0.0ms)


Started POST "/contacts" for ::1 at 2019-12-09 21:53:23 +0900
Processing by ContactsController#create as HTML
  Parameters: {"utf8"=>"✓", "authenticity_token"=>"zYVSOD9Vwa9pJaejwKZgdTp1LkFdGM4Rru1oxbtB+Ou5do0QcQk9VuCZ4gdgs/LIcrOYirYtVapD0//AaGqf3g==", "contact"=>{"name"=>"w", "email"=>"w", "content"=>""}, "commit"=>"Create Contact"}
  [1m[35m (0.2ms)[0m  [1m[35mBEGIN[0m
  ↳ app/controllers/contacts_controller.rb:11
  [1m[35m (0.2ms)[0m  [1m[31mROLLBACK[0m
  ↳ app/controllers/contacts_controller.rb:11
  Rendering contacts/new.html.erb within layouts/application
  Rendered contacts/new.html.erb within layouts/application (4.8ms)
Completed 200 OK in 35ms (Views: 28.7ms | ActiveRecord: 0.4ms)


Started GET "/contacts" for ::1 at 2019-12-09 22:00:52 +0900

LoadError - cannot load such file -- /Users/katokeisuke/workspace/sample2/config/routes.rb:

Started POST "/__better_errors/f9f626ccba23c3d4/variables" for ::1 at 2019-12-09 22:00:52 +0900
Started GET "/favicon.ico" for ::1 at 2019-12-09 22:00:52 +0900
  
ActionController::RoutingError (No route matches [GET] "/favicon.ico"):
  
actionpack (5.2.3) lib/action_dispatch/middleware/debug_exceptions.rb:65:in `call'
web-console (3.7.0) lib/web_console/middleware.rb:135:in `call_app'
web-console (3.7.0) lib/web_console/middleware.rb:30:in `block in call'
web-console (3.7.0) lib/web_console/middleware.rb:20:in `catch'
web-console (3.7.0) lib/web_console/middleware.rb:20:in `call'
actionpack (5.2.3) lib/action_dispatch/middleware/show_exceptions.rb:33:in `call'
railties (5.2.3) lib/rails/rack/logger.rb:38:in `call_app'
railties (5.2.3) lib/rails/rack/logger.rb:26:in `block in call'
activesupport (5.2.3) lib/active_support/tagged_logging.rb:71:in `block in tagged'
activesupport (5.2.3) lib/active_support/tagged_logging.rb:28:in `tagged'
activesupport (5.2.3) lib/active_support/tagged_logging.rb:71:in `tagged'
railties (5.2.3) lib/rails/rack/logger.rb:26:in `call'
sprockets-rails (3.2.1) lib/sprockets/rails/quiet_assets.rb:13:in `call'
actionpack (5.2.3) lib/action_dispatch/middleware/remote_ip.rb:81:in `call'
actionpack (5.2.3) lib/action_dispatch/middleware/request_id.rb:27:in `call'
rack (2.0.7) lib/rack/method_override.rb:22:in `call'
rack (2.0.7) lib/rack/runtime.rb:22:in `call'
activesupport (5.2.3) lib/active_support/cache/strategy/local_cache_middleware.rb:29:in `call'
actionpack (5.2.3) lib/action_dispatch/middleware/executor.rb:14:in `call'
actionpack (5.2.3) lib/action_dispatch/middleware/static.rb:127:in `call'
rack (2.0.7) lib/rack/sendfile.rb:111:in `call'
railties (5.2.3) lib/rails/engine.rb:524:in `call'
puma (3.12.1) lib/puma/configuration.rb:227:in `call'
puma (3.12.1) lib/puma/server.rb:660:in `handle_request'
puma (3.12.1) lib/puma/server.rb:474:in `process_client'
puma (3.12.1) lib/puma/server.rb:334:in `block in run'
puma (3.12.1) lib/puma/thread_pool.rb:135:in `block in spawn_thread'
Started GET "/contacts" for ::1 at 2019-12-09 22:01:15 +0900
  [1m[35m (0.7ms)[0m  [1m[34mSELECT "schema_migrations"."version" FROM "schema_migrations" ORDER BY "schema_migrations"."version" ASC[0m
  ↳ /Users/katokeisuke/.rbenv/versions/2.6.5/lib/ruby/gems/2.6.0/gems/activerecord-5.2.3/lib/active_record/log_subscriber.rb:98
Processing by ContactsController#index as HTML
  Rendering contacts/index.html.erb within layouts/application
  Rendered contacts/index.html.erb within layouts/application (0.8ms)
Completed 200 OK in 200ms (Views: 193.5ms | ActiveRecord: 0.0ms)


Started GET "/contacts/new" for ::1 at 2019-12-09 22:01:20 +0900
Processing by ContactsController#new as HTML
  Rendering contacts/new.html.erb within layouts/application
  Rendered contacts/new.html.erb within layouts/application (7.4ms)
Completed 200 OK in 42ms (Views: 25.2ms | ActiveRecord: 8.1ms)


Started POST "/contacts" for ::1 at 2019-12-09 22:01:25 +0900
Processing by ContactsController#create as HTML
  Parameters: {"utf8"=>"✓", "authenticity_token"=>"fbMSeqKDfdAHv4gsZjm0iiyUtW41IjYk1qblFDmDTXYJQM1S7N+BKY4DzYjGLCY3ZFIDpd4XrZ87mHIR6qgqQw==", "contact"=>{"name"=>"w", "email"=>"w", "content"=>"ww"}, "commit"=>"Create Contact"}
  [1m[35m (0.2ms)[0m  [1m[35mBEGIN[0m
  ↳ app/controllers/contacts_controller.rb:11
  [1m[36mContact Create (0.7ms)[0m  [1m[32mINSERT INTO "contacts" ("name", "email", "content") VALUES ($1, $2, $3) RETURNING "id"[0m  [["name", "w"], ["email", "w"], ["content", "ww"]]
  ↳ app/controllers/contacts_controller.rb:11
  [1m[35m (0.6ms)[0m  [1m[35mCOMMIT[0m
  ↳ app/controllers/contacts_controller.rb:11
Redirected to http://localhost:3000/contacts/new
Completed 302 Found in 7ms (ActiveRecord: 1.6ms)


Started GET "/contacts/new" for ::1 at 2019-12-09 22:01:25 +0900
Processing by ContactsController#new as HTML
  Rendering contacts/new.html.erb within layouts/application
  Rendered contacts/new.html.erb within layouts/application (3.3ms)
Completed 200 OK in 25ms (Views: 23.8ms | ActiveRecord: 0.0ms)


Started GET "/contacts/new" for ::1 at 2019-12-09 22:18:14 +0900
  [1m[35m (1.2ms)[0m  [1m[34mSELECT "schema_migrations"."version" FROM "schema_migrations" ORDER BY "schema_migrations"."version" ASC[0m
  ↳ /Users/katokeisuke/.rbenv/versions/2.6.5/lib/ruby/gems/2.6.0/gems/activerecord-5.2.3/lib/active_record/log_subscriber.rb:98
Processing by ContactsController#new as HTML
  Rendering contacts/new.html.erb within layouts/application
  Rendered contacts/new.html.erb within layouts/application (8.4ms)
Completed 200 OK in 237ms (Views: 207.8ms | ActiveRecord: 4.9ms)


Started POST "/contacts" for ::1 at 2019-12-09 22:18:18 +0900
Processing by ContactsController#create as HTML
  Parameters: {"utf8"=>"✓", "authenticity_token"=>"YKdHcxUv4fCrLq8muZ5SAArtmqMShpWr3PuOGFOM+SAUVJhbW3MdCSKS6oIZi8C9QissaPmzDhAxxRkdgKeeFQ==", "contact"=>{"name"=>"s", "email"=>"w", "content"=>"ww"}, "commit"=>"Create Contact"}
  [1m[35m (0.2ms)[0m  [1m[35mBEGIN[0m
  ↳ app/controllers/contacts_controller.rb:11
  [1m[36mContact Create (1.4ms)[0m  [1m[32mINSERT INTO "contacts" ("name", "email", "content") VALUES ($1, $2, $3) RETURNING "id"[0m  [["name", "s"], ["email", "w"], ["content", "ww"]]
  ↳ app/controllers/contacts_controller.rb:11
  [1m[35m (0.6ms)[0m  [1m[35mCOMMIT[0m
  ↳ app/controllers/contacts_controller.rb:11
Redirected to http://localhost:3000/contacts/new
Completed 302 Found in 8ms (ActiveRecord: 2.2ms)


Started GET "/contacts/new" for ::1 at 2019-12-09 22:18:18 +0900
Processing by ContactsController#new as HTML
  Rendering contacts/new.html.erb within layouts/application
  Rendered contacts/new.html.erb within layouts/application (3.9ms)
Completed 200 OK in 26ms (Views: 24.1ms | ActiveRecord: 0.0ms)


